0 info it worked if it ends with ok
1 verbose cli [ 'C:\\Program Files\\nodejs\\node.exe',
1 verbose cli   'C:\\Program Files\\nodejs\\node_modules\\npm\\bin\\npm-cli.js',
1 verbose cli   'run',
1 verbose cli   'test' ]
2 info using npm@3.10.8
3 info using node@v6.9.1
4 verbose run-script [ 'pretest', 'test', 'posttest' ]
5 info lifecycle webcharts@1.7.2~pretest: webcharts@1.7.2
6 silly lifecycle webcharts@1.7.2~pretest: no script for pretest, continuing
7 info lifecycle webcharts@1.7.2~test: webcharts@1.7.2
8 verbose lifecycle webcharts@1.7.2~test: unsafe-perm in lifecycle true
9 verbose lifecycle webcharts@1.7.2~test: PATH: C:\Program Files\nodejs\node_modules\npm\bin\node-gyp-bin;C:\Users\schildre\GitHub\Webcharts\node_modules\.bin;H:\bin;C:\Program Files\Git\mingw64\bin;C:\Program Files\Git\usr\local\bin;C:\Program Files\Git\usr\bin;C:\Program Files\Git\usr\bin;C:\Program Files\Git\mingw64\bin;C:\Program Files\Git\usr\bin;C:\Program Files\R\R-3.3.2\bin;C:\oracle\product\11.2.0\client_1\bin;C:\Program Files (x86)\EasyPHP-DevServer-14.1VC11\binaries\php\php_runningversion;C:\Windows\system32;C:\Windows;C:\Windows\System32\Wbem;C:\Windows\System32\WindowsPowerShell\v1.0;C:\Program Files (x86)\Enterprise Vault\EVClient;C:\Program Files\SASHome94\x86\Secure\ccme4;C:\Program Files\SASHome94\Secure\ccme4;C:\Program Files\TortoiseSVN\bin;C:\Program Files\Git\cmd;C:\Program Files (x86)\WebEx\Productivity Tools;C:\Program Files\nodejs;C:\Program Files (x86)\Vim\vim80;C:\Python36-32\Scripts;C:\Python36-32;C:\Users\schildre\AppData\Roaming\npm;C:\Program Files\Git\usr\bin\vendor_perl;C:\Program Files\Git\usr\bin\core_perl
10 verbose lifecycle webcharts@1.7.2~test: CWD: C:\Users\schildre\GitHub\Webcharts
11 silly lifecycle webcharts@1.7.2~test: Args: [ '/d /s /c', 'mocha --require babel-register ./test/test.js' ]
12 silly lifecycle webcharts@1.7.2~test: Returned: code: 2  signal: null
13 info lifecycle webcharts@1.7.2~test: Failed to exec test script
14 verbose stack Error: webcharts@1.7.2 test: `mocha --require babel-register ./test/test.js`
14 verbose stack Exit status 2
14 verbose stack     at EventEmitter.<anonymous> (C:\Program Files\nodejs\node_modules\npm\lib\utils\lifecycle.js:255:16)
14 verbose stack     at emitTwo (events.js:106:13)
14 verbose stack     at EventEmitter.emit (events.js:191:7)
14 verbose stack     at ChildProcess.<anonymous> (C:\Program Files\nodejs\node_modules\npm\lib\utils\spawn.js:40:14)
14 verbose stack     at emitTwo (events.js:106:13)
14 verbose stack     at ChildProcess.emit (events.js:191:7)
14 verbose stack     at maybeClose (internal/child_process.js:877:16)
14 verbose stack     at Process.ChildProcess._handle.onexit (internal/child_process.js:226:5)
15 verbose pkgid webcharts@1.7.2
16 verbose cwd C:\Users\schildre\GitHub\Webcharts
17 error Windows_NT 6.1.7601
18 error argv "C:\\Program Files\\nodejs\\node.exe" "C:\\Program Files\\nodejs\\node_modules\\npm\\bin\\npm-cli.js" "run" "test"
19 error node v6.9.1
20 error npm  v3.10.8
21 error code ELIFECYCLE
22 error webcharts@1.7.2 test: `mocha --require babel-register ./test/test.js`
22 error Exit status 2
23 error Failed at the webcharts@1.7.2 test script 'mocha --require babel-register ./test/test.js'.
23 error Make sure you have the latest version of node.js and npm installed.
23 error If you do, this is most likely a problem with the webcharts package,
23 error not with npm itself.
23 error Tell the author that this fails on your system:
23 error     mocha --require babel-register ./test/test.js
23 error You can get information on how to open an issue for this project with:
23 error     npm bugs webcharts
23 error Or if that isn't available, you can get their info via:
23 error     npm owner ls webcharts
23 error There is likely additional logging output above.
24 verbose exit [ 1, true ]
